
> vapt-learning-lab@1.0.0 start
> node server.js

Loaded vulnerability module: AI: Bias and Unreliability
Loaded vulnerability module: AI: Data Extraction Attacks
Loaded vulnerability module: AI: Prompt Injection
Loaded vulnerability module: Broken Access Control
Loaded vulnerability module: Buffer Overflows
Loaded vulnerability module: Clickjacking
Loaded vulnerability module: Command Execution
Loaded vulnerability module: Cross-Site Request Forgery
Loaded vulnerability module: Cross-Site Script Inclusion (XSSI)
Loaded vulnerability module: Denial of Service Attacks
Loaded vulnerability module: Directory Traversal
Loaded vulnerability module: DNS Poisoning
Loaded vulnerability module: DOM-based XSS
Loaded vulnerability module: Downgrade Attacks
Loaded vulnerability module: Email Spoofing
Loaded vulnerability module: File Upload Vulnerabilities
Loaded vulnerability module: Host Header Poisoning
Loaded vulnerability module: Information Leakage
Loaded vulnerability module: Insecure Design
Loaded vulnerability module: Lax Security Settings
Loaded vulnerability module: Logging and Monitoring
Loaded vulnerability module: Malvertising
Loaded vulnerability module: Mass Assignment
Loaded vulnerability module: Open Redirects
Loaded vulnerability module: Password Mismanagement
Loaded vulnerability module: Privilege Escalation
Loaded vulnerability module: Prototype Pollution
Loaded vulnerability module: Reflected XSS
Loaded vulnerability module: Regex Injection
Loaded vulnerability module: Remote Code Execution (RCE)
Loaded vulnerability module: Session Fixation
Loaded vulnerability module: SQL Injection (Authentication Bypass)
Loaded vulnerability module: SSL Stripping
Loaded vulnerability module: Server-Side Request Forgery (SSRF)
Loaded vulnerability module: Stored Cross-Site Scripting
Loaded vulnerability module: Subdomain Squatting
Loaded vulnerability module: Toxic Dependencies
Loaded vulnerability module: Unencrypted Communication
Loaded vulnerability module: User Enumeration
Loaded vulnerability module: Weak Session IDs
Loaded vulnerability module: XML Bombs (Billion Laughs)
Loaded vulnerability module: XML External Entities (XXE)
[+] VAPT Lab Web Server running on port 8080
[+] Module remote-code-execution received payload: ls
 at Level: low
